[2026-04-14 12:50:21] 
[0;36mв•”в•ђв•ђв•ђв•ђв•ђв•ђв•ђв•ђв•ђв•ђв•ђв•ђв•ђв•ђв•ђв•ђв•ђв•ђв•ђв•ђв•ђв•ђв•ђв•ђв•ђв•ђв•ђв•ђв•ђв•ђв•ђв•ђв•ђв•ђв•ђв•ђв•ђв•ђв•ђв•ђв•ђв•ђв•—[0m
[2026-04-14 12:50:21] [0;36mв•‘        рџ”„ AUTO-SYNC STARTED                в•‘[0m
[2026-04-14 12:50:21] [0;36mв•љв•ђв•ђв•ђв•ђв•ђв•ђв•ђв•ђв•ђв•ђв•ђв•ђв•ђв•ђв•ђв•ђв•ђв•ђв•ђв•ђв•ђв•ђв•ђв•ђв•ђв•ђв•ђв•ђв•ђв•ђв•ђв•ђв•ђв•ђв•ђв•ђв•ђв•ђв•ђв•ђв•ђв•ђв•ќ[0m
[2026-04-14 12:50:21] Repository: /root/my-project
[2026-04-14 12:50:22] Check interval: 60s
[2026-04-14 12:50:22] Log: /root/my-project/logs/sync.log
[2026-04-14 12:50:22] Stop with: ./auto-sync.sh stop

[2026-04-14 12:50:22] [0;34mрџ”„ Running initial sync...[0m
[2026-04-14 12:50:23] 
[0;36mв•”в•ђв•ђв•ђв•ђв•ђв•ђв•ђв•ђв•ђв•ђв•ђв•ђв•ђв•ђв•ђв•ђв•ђв•ђв•ђв•ђв•ђв•ђв•ђв•ђв•ђв•ђв•ђв•ђв•ђв•ђв•ђв•ђв•ђв•ђв•ђв•ђв•ђв•ђв•ђв•ђв•ђв•ђв•—[0m
[2026-04-14 12:50:23] [0;36mв•‘        рџ“Љ AUTO-SYNC STATUS                 в•‘[0m
[2026-04-14 12:50:23] [0;36mв•љв•ђв•ђв•ђв•ђв•ђв•ђв•ђв•ђв•ђв•ђв•ђв•ђв•ђв•ђв•ђв•ђв•ђв•ђв•ђв•ђв•ђв•ђв•ђв•ђв•ђв•ђв•ђв•ђв•ђв•ђв•ђв•ђв•ђв•ђв•ђв•ђв•ђв•ђв•ђв•ђв•ђв•ђв•ќ[0m

[2026-04-14 12:50:23] Status: [0;32mв—Џ RUNNING[0m (PID: 6091)
[2026-04-14 12:50:23] 
Repository: /root/my-project
[2026-04-14 12:50:24] Branch: main
[2026-04-14 12:50:24] Last commit: 03bf0db Initial sync
[2026-04-14 12:50:24] 
Uncommitted changes:
[2026-04-14 12:50:25] [0;32mвњ… Synced: Initial sync[0m
[2026-04-14 12:51:25] [0;34mрџ”„ Changes detected, syncing...[0m
[2026-04-14 12:51:28] [0;32mвњ… Synced: Auto-sync: 2026-04-14 12:51:25[0m
[2026-04-14 12:52:21] Auto-sync stopped
